<?xml version="1.0" encoding="UTF-8"?>
<testng-results ignored="0" total="1" passed="1" failed="0" skipped="0">
  <reporter-output>
  </reporter-output>
  <suite started-at="2021-06-07T00:06:42 IST" name="Default suite" finished-at="2021-06-07T00:07:47 IST" duration-ms="64948">
    <groups>
    </groups>
    <test started-at="2021-06-07T00:06:42 IST" name="Default test" finished-at="2021-06-07T00:07:47 IST" duration-ms="64948">
      <class name="com.cyient.royaltest.FindACruisesTest">
        <test-method is-config="true" signature="setup()[pri:0, instance:com.cyient.royaltest.FindACruisesTest@1649b0e6]" started-at="2021-06-07T00:06:42 IST" name="setup" finished-at="2021-06-07T00:06:48 IST" duration-ms="6311" status="PASS">
          <reporter-output>
          </reporter-output>
        </test-method> <!-- setup -->
        <test-method signature="validtest()[pri:2, instance:com.cyient.royaltest.FindACruisesTest@1649b0e6]" started-at="2021-06-07T00:06:48 IST" name="validtest" finished-at="2021-06-07T00:07:46 IST" duration-ms="57432" status="PASS">
          <reporter-output>
          </reporter-output>
        </test-method> <!-- validtest -->
        <test-method is-config="true" signature="teardown()[pri:0, instance:com.cyient.royaltest.FindACruisesTest@1649b0e6]" started-at="2021-06-07T00:07:46 IST" name="teardown" finished-at="2021-06-07T00:07:47 IST" duration-ms="1129" status="PASS">
          <reporter-output>
          </reporter-output>
        </test-method> <!-- teardown -->
      </class> <!-- com.cyient.royaltest.FindACruisesTest -->
    </test> <!-- Default test -->
  </suite> <!-- Default suite -->
</testng-results>
